{"__type":"$$EventMessageAudit","id":"9b6d9ca4-b7e2-4a33-97c9-706874df2cdc","ts":"2026-05-30T12:37:54.240+00:00","eventName":"n8n.audit.workflow.created","message":"n8n.audit.workflow.created","payload":{"userId":"eb4e42cd-1f3a-41ab-bedb-fad3ee20c6ec","_email":"arhamazan168@gmail.com","_firstName":"Admin","_lastName":"User","globalRole":"global:owner","workflowId":"t93Kfx64cL8Koufg","workflowName":"My workflow"}}
{"__type":"$$EventMessageConfirm","confirm":"9b6d9ca4-b7e2-4a33-97c9-706874df2cdc","ts":"2026-05-30T12:37:54.242+00:00","source":{"id":"0","name":"eventBus"}}
{"__type":"$$EventMessageAudit","id":"7ed557a0-508c-47d5-9bee-a052acc791c5","ts":"2026-05-30T12:38:12.130+00:00","eventName":"n8n.audit.workflow.updated","message":"n8n.audit.workflow.updated","payload":{"userId":"eb4e42cd-1f3a-41ab-bedb-fad3ee20c6ec","_email":"arhamazan168@gmail.com","_firstName":"Admin","_lastName":"User","globalRole":"global:owner","workflowId":"t93Kfx64cL8Koufg","workflowName":"My workflow"}}
{"__type":"$$EventMessageConfirm","confirm":"7ed557a0-508c-47d5-9bee-a052acc791c5","ts":"2026-05-30T12:38:12.130+00:00","source":{"id":"0","name":"eventBus"}}
{"__type":"$$EventMessageAudit","id":"12126e19-e52e-4bd0-b3c9-fafd93ca021f","ts":"2026-05-30T12:38:26.322+00:00","eventName":"n8n.audit.workflow.updated","message":"n8n.audit.workflow.updated","payload":{"userId":"eb4e42cd-1f3a-41ab-bedb-fad3ee20c6ec","_email":"arhamazan168@gmail.com","_firstName":"Admin","_lastName":"User","globalRole":"global:owner","workflowId":"t93Kfx64cL8Koufg","workflowName":"My workflow"}}
{"__type":"$$EventMessageConfirm","confirm":"12126e19-e52e-4bd0-b3c9-fafd93ca021f","ts":"2026-05-30T12:38:26.322+00:00","source":{"id":"0","name":"eventBus"}}
{"__type":"$$EventMessageAudit","id":"01c8c9b7-49b2-4d66-8749-ac0ecba21a91","ts":"2026-05-30T12:39:48.433+00:00","eventName":"n8n.audit.workflow.updated","message":"n8n.audit.workflow.updated","payload":{"userId":"eb4e42cd-1f3a-41ab-bedb-fad3ee20c6ec","_email":"arhamazan168@gmail.com","_firstName":"Admin","_lastName":"User","globalRole":"global:owner","workflowId":"t93Kfx64cL8Koufg","workflowName":"My workflow"}}
{"__type":"$$EventMessageConfirm","confirm":"01c8c9b7-49b2-4d66-8749-ac0ecba21a91","ts":"2026-05-30T12:39:48.433+00:00","source":{"id":"0","name":"eventBus"}}
{"__type":"$$EventMessageAudit","id":"77880476-602f-4ff7-be47-211375d16dfa","ts":"2026-05-30T12:39:50.615+00:00","eventName":"n8n.audit.workflow.updated","message":"n8n.audit.workflow.updated","payload":{"userId":"eb4e42cd-1f3a-41ab-bedb-fad3ee20c6ec","_email":"arhamazan168@gmail.com","_firstName":"Admin","_lastName":"User","globalRole":"global:owner","workflowId":"t93Kfx64cL8Koufg","workflowName":"My workflow"}}
{"__type":"$$EventMessageConfirm","confirm":"77880476-602f-4ff7-be47-211375d16dfa","ts":"2026-05-30T12:39:50.615+00:00","source":{"id":"0","name":"eventBus"}}
{"__type":"$$EventMessageAudit","id":"0231239c-1d3a-4b41-85ad-f60b5d585bfa","ts":"2026-05-30T12:40:15.973+00:00","eventName":"n8n.audit.workflow.updated","message":"n8n.audit.workflow.updated","payload":{"userId":"eb4e42cd-1f3a-41ab-bedb-fad3ee20c6ec","_email":"arhamazan168@gmail.com","_firstName":"Admin","_lastName":"User","globalRole":"global:owner","workflowId":"t93Kfx64cL8Koufg","workflowName":"My workflow"}}
{"__type":"$$EventMessageConfirm","confirm":"0231239c-1d3a-4b41-85ad-f60b5d585bfa","ts":"2026-05-30T12:40:15.974+00:00","source":{"id":"0","name":"eventBus"}}
{"__type":"$$EventMessageAudit","id":"003d1f4b-bd0d-426c-b3bf-bd1b38f1497c","ts":"2026-05-30T12:40:25.997+00:00","eventName":"n8n.audit.workflow.updated","message":"n8n.audit.workflow.updated","payload":{"userId":"eb4e42cd-1f3a-41ab-bedb-fad3ee20c6ec","_email":"arhamazan168@gmail.com","_firstName":"Admin","_lastName":"User","globalRole":"global:owner","workflowId":"t93Kfx64cL8Koufg","workflowName":"My workflow"}}
{"__type":"$$EventMessageConfirm","confirm":"003d1f4b-bd0d-426c-b3bf-bd1b38f1497c","ts":"2026-05-30T12:40:25.997+00:00","source":{"id":"0","name":"eventBus"}}
{"__type":"$$EventMessageAudit","id":"75bf92d9-3856-4770-abb2-689b24f29301","ts":"2026-05-30T12:40:28.167+00:00","eventName":"n8n.audit.workflow.updated","message":"n8n.audit.workflow.updated","payload":{"userId":"eb4e42cd-1f3a-41ab-bedb-fad3ee20c6ec","_email":"arhamazan168@gmail.com","_firstName":"Admin","_lastName":"User","globalRole":"global:owner","workflowId":"t93Kfx64cL8Koufg","workflowName":"My workflow"}}
{"__type":"$$EventMessageConfirm","confirm":"75bf92d9-3856-4770-abb2-689b24f29301","ts":"2026-05-30T12:40:28.167+00:00","source":{"id":"0","name":"eventBus"}}
{"__type":"$$EventMessageAudit","id":"4c4820f0-7631-4f61-9f3a-a57aa86257d4","ts":"2026-05-30T12:40:51.264+00:00","eventName":"n8n.audit.workflow.updated","message":"n8n.audit.workflow.updated","payload":{"userId":"eb4e42cd-1f3a-41ab-bedb-fad3ee20c6ec","_email":"arhamazan168@gmail.com","_firstName":"Admin","_lastName":"User","globalRole":"global:owner","workflowId":"t93Kfx64cL8Koufg","workflowName":"My workflow"}}
{"__type":"$$EventMessageConfirm","confirm":"4c4820f0-7631-4f61-9f3a-a57aa86257d4","ts":"2026-05-30T12:40:51.265+00:00","source":{"id":"0","name":"eventBus"}}
{"__type":"$$EventMessageAudit","id":"a10d2114-b6ae-4f64-9e6a-255c9d162005","ts":"2026-05-30T12:41:06.508+00:00","eventName":"n8n.audit.workflow.updated","message":"n8n.audit.workflow.updated","payload":{"userId":"eb4e42cd-1f3a-41ab-bedb-fad3ee20c6ec","_email":"arhamazan168@gmail.com","_firstName":"Admin","_lastName":"User","globalRole":"global:owner","workflowId":"t93Kfx64cL8Koufg","workflowName":"My workflow"}}
{"__type":"$$EventMessageConfirm","confirm":"a10d2114-b6ae-4f64-9e6a-255c9d162005","ts":"2026-05-30T12:41:06.508+00:00","source":{"id":"0","name":"eventBus"}}
{"__type":"$$EventMessageAudit","id":"d744acb9-3035-4f12-a8cb-21f67586ac77","ts":"2026-05-30T12:41:25.150+00:00","eventName":"n8n.audit.workflow.executed","message":"n8n.audit.workflow.executed","payload":{"userId":"eb4e42cd-1f3a-41ab-bedb-fad3ee20c6ec","_email":"arhamazan168@gmail.com","_firstName":"Admin","_lastName":"User","globalRole":"global:owner","workflowId":"t93Kfx64cL8Koufg","workflowName":"My workflow","executionId":"1","source":"user-manual"}}
{"__type":"$$EventMessageConfirm","confirm":"d744acb9-3035-4f12-a8cb-21f67586ac77","ts":"2026-05-30T12:41:25.150+00:00","source":{"id":"0","name":"eventBus"}}
{"__type":"$$EventMessageWorkflow","id":"f3dbdd46-c3f0-4eef-adb1-0ad804586441","ts":"2026-05-30T12:41:25.151+00:00","eventName":"n8n.workflow.started","message":"n8n.workflow.started","payload":{"executionId":"1","workflowId":"t93Kfx64cL8Koufg","isManual":false,"mode":"manual","workflowName":"My workflow","projectId":"LlPSVELh7iOWU7ri","projectName":"Admin User <arhamazan168@gmail.com>"}}
{"__type":"$$EventMessageConfirm","confirm":"f3dbdd46-c3f0-4eef-adb1-0ad804586441","ts":"2026-05-30T12:41:25.151+00:00","source":{"id":"0","name":"eventBus"}}
{"__type":"$$EventMessageNode","id":"bec88203-1626-4f51-8153-e23cb1e26bfe","ts":"2026-05-30T12:41:25.166+00:00","eventName":"n8n.node.started","message":"n8n.node.started","payload":{"workflowId":"t93Kfx64cL8Koufg","workflowName":"My workflow","executionId":"1","nodeType":"n8n-nodes-base.manualTrigger","nodeName":"When clicking ‘Execute workflow’","nodeId":"6b4fc532-9cc4-4ece-b9fb-4bef5c290a92"}}
{"__type":"$$EventMessageConfirm","confirm":"bec88203-1626-4f51-8153-e23cb1e26bfe","ts":"2026-05-30T12:41:25.166+00:00","source":{"id":"0","name":"eventBus"}}
{"__type":"$$EventMessageNode","id":"323c19b0-6697-4177-8d4e-873db1b0af1c","ts":"2026-05-30T12:41:25.171+00:00","eventName":"n8n.node.finished","message":"n8n.node.finished","payload":{"workflowId":"t93Kfx64cL8Koufg","workflowName":"My workflow","executionId":"1","nodeType":"n8n-nodes-base.manualTrigger","nodeName":"When clicking ‘Execute workflow’","nodeId":"6b4fc532-9cc4-4ece-b9fb-4bef5c290a92"}}
{"__type":"$$EventMessageConfirm","confirm":"323c19b0-6697-4177-8d4e-873db1b0af1c","ts":"2026-05-30T12:41:25.171+00:00","source":{"id":"0","name":"eventBus"}}
{"__type":"$$EventMessageNode","id":"79fd3cc7-6a9f-46aa-81ae-f2aa2646610d","ts":"2026-05-30T12:41:25.173+00:00","eventName":"n8n.node.started","message":"n8n.node.started","payload":{"workflowId":"t93Kfx64cL8Koufg","workflowName":"My workflow","executionId":"1","nodeType":"n8n-nodes-base.httpRequest","nodeName":"HTTP Request","nodeId":"ac9bf462-b51e-4bc1-9662-1193dbf7f233"}}
{"__type":"$$EventMessageConfirm","confirm":"79fd3cc7-6a9f-46aa-81ae-f2aa2646610d","ts":"2026-05-30T12:41:25.174+00:00","source":{"id":"0","name":"eventBus"}}
{"__type":"$$EventMessageNode","id":"6ffbbd39-b5d4-4223-a149-de6da4d32035","ts":"2026-05-30T12:46:25.310+00:00","eventName":"n8n.node.finished","message":"n8n.node.finished","payload":{"workflowId":"t93Kfx64cL8Koufg","workflowName":"My workflow","executionId":"1","nodeType":"n8n-nodes-base.httpRequest","nodeName":"HTTP Request","nodeId":"ac9bf462-b51e-4bc1-9662-1193dbf7f233"}}
{"__type":"$$EventMessageConfirm","confirm":"6ffbbd39-b5d4-4223-a149-de6da4d32035","ts":"2026-05-30T12:46:25.310+00:00","source":{"id":"0","name":"eventBus"}}
{"__type":"$$EventMessageWorkflow","id":"b0d5d2fc-df8d-473a-ad59-a8dfa086db9c","ts":"2026-05-30T12:46:25.322+00:00","eventName":"n8n.workflow.failed","message":"n8n.workflow.failed","payload":{"userId":"eb4e42cd-1f3a-41ab-bedb-fad3ee20c6ec","executionId":"1","success":false,"isManual":true,"mode":"manual","workflowId":"t93Kfx64cL8Koufg","workflowName":"My workflow","projectId":"LlPSVELh7iOWU7ri","projectName":"Admin User <arhamazan168@gmail.com>","lastNodeExecuted":"HTTP Request","errorNodeType":"n8n-nodes-base.httpRequest","errorMessage":"The connection was aborted, perhaps the server is offline"}}
{"__type":"$$EventMessageConfirm","confirm":"b0d5d2fc-df8d-473a-ad59-a8dfa086db9c","ts":"2026-05-30T12:46:25.322+00:00","source":{"id":"0","name":"eventBus"}}
{"__type":"$$EventMessageAudit","id":"cae87e73-86a7-492f-90ad-b0a1d4d16416","ts":"2026-05-30T12:50:13.752+00:00","eventName":"n8n.audit.workflow.updated","message":"n8n.audit.workflow.updated","payload":{"userId":"eb4e42cd-1f3a-41ab-bedb-fad3ee20c6ec","_email":"arhamazan168@gmail.com","_firstName":"Admin","_lastName":"User","globalRole":"global:owner","workflowId":"t93Kfx64cL8Koufg","workflowName":"My workflow"}}
{"__type":"$$EventMessageConfirm","confirm":"cae87e73-86a7-492f-90ad-b0a1d4d16416","ts":"2026-05-30T12:50:13.753+00:00","source":{"id":"0","name":"eventBus"}}
{"__type":"$$EventMessageAudit","id":"e89afe6a-dc83-41f1-884b-9f7c7756b701","ts":"2026-05-30T12:50:28.259+00:00","eventName":"n8n.audit.workflow.updated","message":"n8n.audit.workflow.updated","payload":{"userId":"eb4e42cd-1f3a-41ab-bedb-fad3ee20c6ec","_email":"arhamazan168@gmail.com","_firstName":"Admin","_lastName":"User","globalRole":"global:owner","workflowId":"t93Kfx64cL8Koufg","workflowName":"My workflow"}}
{"__type":"$$EventMessageConfirm","confirm":"e89afe6a-dc83-41f1-884b-9f7c7756b701","ts":"2026-05-30T12:50:28.260+00:00","source":{"id":"0","name":"eventBus"}}
{"__type":"$$EventMessageAudit","id":"2b13f5fa-088a-46d9-8acf-9f612a773e3d","ts":"2026-05-30T12:50:43.262+00:00","eventName":"n8n.audit.workflow.executed","message":"n8n.audit.workflow.executed","payload":{"userId":"eb4e42cd-1f3a-41ab-bedb-fad3ee20c6ec","_email":"arhamazan168@gmail.com","_firstName":"Admin","_lastName":"User","globalRole":"global:owner","workflowId":"t93Kfx64cL8Koufg","workflowName":"My workflow","executionId":"2","source":"user-manual"}}
{"__type":"$$EventMessageConfirm","confirm":"2b13f5fa-088a-46d9-8acf-9f612a773e3d","ts":"2026-05-30T12:50:43.262+00:00","source":{"id":"0","name":"eventBus"}}
{"__type":"$$EventMessageWorkflow","id":"ca9d6cc6-f0ee-4649-8441-43b2e99fcd1b","ts":"2026-05-30T12:50:43.267+00:00","eventName":"n8n.workflow.started","message":"n8n.workflow.started","payload":{"executionId":"2","workflowId":"t93Kfx64cL8Koufg","isManual":false,"mode":"manual","workflowName":"My workflow","projectId":"LlPSVELh7iOWU7ri","projectName":"Admin User <arhamazan168@gmail.com>"}}
{"__type":"$$EventMessageConfirm","confirm":"ca9d6cc6-f0ee-4649-8441-43b2e99fcd1b","ts":"2026-05-30T12:50:43.267+00:00","source":{"id":"0","name":"eventBus"}}
{"__type":"$$EventMessageNode","id":"911a15e3-d287-4e48-8139-c6df4ea2739e","ts":"2026-05-30T12:50:43.337+00:00","eventName":"n8n.node.started","message":"n8n.node.started","payload":{"workflowId":"t93Kfx64cL8Koufg","workflowName":"My workflow","executionId":"2","nodeType":"n8n-nodes-base.httpRequest","nodeName":"HTTP Request","nodeId":"ac9bf462-b51e-4bc1-9662-1193dbf7f233"}}
{"__type":"$$EventMessageConfirm","confirm":"911a15e3-d287-4e48-8139-c6df4ea2739e","ts":"2026-05-30T12:50:43.337+00:00","source":{"id":"0","name":"eventBus"}}
{"__type":"$$EventMessageNode","id":"036ba9bc-0099-484d-9438-60fbc3d382e3","ts":"2026-05-30T12:55:43.362+00:00","eventName":"n8n.node.finished","message":"n8n.node.finished","payload":{"workflowId":"t93Kfx64cL8Koufg","workflowName":"My workflow","executionId":"2","nodeType":"n8n-nodes-base.httpRequest","nodeName":"HTTP Request","nodeId":"ac9bf462-b51e-4bc1-9662-1193dbf7f233"}}
{"__type":"$$EventMessageConfirm","confirm":"036ba9bc-0099-484d-9438-60fbc3d382e3","ts":"2026-05-30T12:55:43.363+00:00","source":{"id":"0","name":"eventBus"}}
{"__type":"$$EventMessageWorkflow","id":"d3718f18-9a23-4554-b83c-53548fcd9fba","ts":"2026-05-30T12:55:43.382+00:00","eventName":"n8n.workflow.failed","message":"n8n.workflow.failed","payload":{"userId":"eb4e42cd-1f3a-41ab-bedb-fad3ee20c6ec","executionId":"2","success":false,"isManual":true,"mode":"manual","workflowId":"t93Kfx64cL8Koufg","workflowName":"My workflow","projectId":"LlPSVELh7iOWU7ri","projectName":"Admin User <arhamazan168@gmail.com>","lastNodeExecuted":"HTTP Request","errorNodeType":"n8n-nodes-base.httpRequest","errorMessage":"The connection was aborted, perhaps the server is offline"}}
{"__type":"$$EventMessageConfirm","confirm":"d3718f18-9a23-4554-b83c-53548fcd9fba","ts":"2026-05-30T12:55:43.382+00:00","source":{"id":"0","name":"eventBus"}}
{"__type":"$$EventMessageAudit","id":"4cc25bd2-e513-45a1-be85-3f37cb194dba","ts":"2026-05-30T13:02:47.808+00:00","eventName":"n8n.audit.workflow.updated","message":"n8n.audit.workflow.updated","payload":{"userId":"eb4e42cd-1f3a-41ab-bedb-fad3ee20c6ec","_email":"arhamazan168@gmail.com","_firstName":"Admin","_lastName":"User","globalRole":"global:owner","workflowId":"t93Kfx64cL8Koufg","workflowName":"My workflow"}}
{"__type":"$$EventMessageConfirm","confirm":"4cc25bd2-e513-45a1-be85-3f37cb194dba","ts":"2026-05-30T13:02:47.809+00:00","source":{"id":"0","name":"eventBus"}}
{"__type":"$$EventMessageAudit","id":"0103055d-9e99-41ff-b94a-5a64acbda847","ts":"2026-05-30T13:02:54.430+00:00","eventName":"n8n.audit.workflow.executed","message":"n8n.audit.workflow.executed","payload":{"userId":"eb4e42cd-1f3a-41ab-bedb-fad3ee20c6ec","_email":"arhamazan168@gmail.com","_firstName":"Admin","_lastName":"User","globalRole":"global:owner","workflowId":"t93Kfx64cL8Koufg","workflowName":"My workflow","executionId":"3","source":"user-manual"}}
{"__type":"$$EventMessageConfirm","confirm":"0103055d-9e99-41ff-b94a-5a64acbda847","ts":"2026-05-30T13:02:54.430+00:00","source":{"id":"0","name":"eventBus"}}
{"__type":"$$EventMessageWorkflow","id":"3bfcb362-b868-4133-9385-227134cfd33d","ts":"2026-05-30T13:02:54.431+00:00","eventName":"n8n.workflow.started","message":"n8n.workflow.started","payload":{"executionId":"3","workflowId":"t93Kfx64cL8Koufg","isManual":false,"mode":"manual","workflowName":"My workflow","projectId":"LlPSVELh7iOWU7ri","projectName":"Admin User <arhamazan168@gmail.com>"}}
{"__type":"$$EventMessageConfirm","confirm":"3bfcb362-b868-4133-9385-227134cfd33d","ts":"2026-05-30T13:02:54.431+00:00","source":{"id":"0","name":"eventBus"}}
{"__type":"$$EventMessageNode","id":"c9785002-a067-4c51-a4b6-6e9ee1131b53","ts":"2026-05-30T13:02:54.448+00:00","eventName":"n8n.node.started","message":"n8n.node.started","payload":{"workflowId":"t93Kfx64cL8Koufg","workflowName":"My workflow","executionId":"3","nodeType":"n8n-nodes-base.manualTrigger","nodeName":"When clicking ‘Execute workflow’","nodeId":"6b4fc532-9cc4-4ece-b9fb-4bef5c290a92"}}
{"__type":"$$EventMessageConfirm","confirm":"c9785002-a067-4c51-a4b6-6e9ee1131b53","ts":"2026-05-30T13:02:54.448+00:00","source":{"id":"0","name":"eventBus"}}
{"__type":"$$EventMessageNode","id":"849cc351-663a-4dae-91bb-1d1c6098af72","ts":"2026-05-30T13:02:54.450+00:00","eventName":"n8n.node.finished","message":"n8n.node.finished","payload":{"workflowId":"t93Kfx64cL8Koufg","workflowName":"My workflow","executionId":"3","nodeType":"n8n-nodes-base.manualTrigger","nodeName":"When clicking ‘Execute workflow’","nodeId":"6b4fc532-9cc4-4ece-b9fb-4bef5c290a92"}}
{"__type":"$$EventMessageConfirm","confirm":"849cc351-663a-4dae-91bb-1d1c6098af72","ts":"2026-05-30T13:02:54.450+00:00","source":{"id":"0","name":"eventBus"}}
{"__type":"$$EventMessageNode","id":"fe114724-8ba5-44b2-b003-5d17d45fe812","ts":"2026-05-30T13:02:54.452+00:00","eventName":"n8n.node.started","message":"n8n.node.started","payload":{"workflowId":"t93Kfx64cL8Koufg","workflowName":"My workflow","executionId":"3","nodeType":"n8n-nodes-base.httpRequest","nodeName":"HTTP Request","nodeId":"ac9bf462-b51e-4bc1-9662-1193dbf7f233"}}
{"__type":"$$EventMessageConfirm","confirm":"fe114724-8ba5-44b2-b003-5d17d45fe812","ts":"2026-05-30T13:02:54.452+00:00","source":{"id":"0","name":"eventBus"}}
{"__type":"$$EventMessageNode","id":"843c0223-0573-4541-b1db-25d59a23223b","ts":"2026-05-30T13:07:54.438+00:00","eventName":"n8n.node.finished","message":"n8n.node.finished","payload":{"workflowId":"t93Kfx64cL8Koufg","workflowName":"My workflow","executionId":"3","nodeType":"n8n-nodes-base.httpRequest","nodeName":"HTTP Request","nodeId":"ac9bf462-b51e-4bc1-9662-1193dbf7f233"}}
{"__type":"$$EventMessageConfirm","confirm":"843c0223-0573-4541-b1db-25d59a23223b","ts":"2026-05-30T13:07:54.439+00:00","source":{"id":"0","name":"eventBus"}}
{"__type":"$$EventMessageWorkflow","id":"197e535d-c4e2-476a-afcc-59d9ed260aa4","ts":"2026-05-30T13:07:54.447+00:00","eventName":"n8n.workflow.failed","message":"n8n.workflow.failed","payload":{"userId":"eb4e42cd-1f3a-41ab-bedb-fad3ee20c6ec","executionId":"3","success":false,"isManual":true,"mode":"manual","workflowId":"t93Kfx64cL8Koufg","workflowName":"My workflow","projectId":"LlPSVELh7iOWU7ri","projectName":"Admin User <arhamazan168@gmail.com>","lastNodeExecuted":"HTTP Request","errorNodeType":"n8n-nodes-base.httpRequest","errorMessage":"The connection was aborted, perhaps the server is offline"}}
{"__type":"$$EventMessageConfirm","confirm":"197e535d-c4e2-476a-afcc-59d9ed260aa4","ts":"2026-05-30T13:07:54.447+00:00","source":{"id":"0","name":"eventBus"}}
{"__type":"$$EventMessageAudit","id":"e108e17e-fee8-4818-8e37-4322a3efd872","ts":"2026-05-30T13:13:11.545+00:00","eventName":"n8n.audit.workflow.updated","message":"n8n.audit.workflow.updated","payload":{"userId":"eb4e42cd-1f3a-41ab-bedb-fad3ee20c6ec","_email":"arhamazan168@gmail.com","_firstName":"Admin","_lastName":"User","globalRole":"global:owner","workflowId":"t93Kfx64cL8Koufg","workflowName":"My workflow"}}
{"__type":"$$EventMessageConfirm","confirm":"e108e17e-fee8-4818-8e37-4322a3efd872","ts":"2026-05-30T13:13:11.545+00:00","source":{"id":"0","name":"eventBus"}}
{"__type":"$$EventMessageAudit","id":"f56502a3-f5ca-4873-ac9a-4292550f8eb3","ts":"2026-05-30T13:13:19.692+00:00","eventName":"n8n.audit.workflow.updated","message":"n8n.audit.workflow.updated","payload":{"userId":"eb4e42cd-1f3a-41ab-bedb-fad3ee20c6ec","_email":"arhamazan168@gmail.com","_firstName":"Admin","_lastName":"User","globalRole":"global:owner","workflowId":"t93Kfx64cL8Koufg","workflowName":"My workflow"}}
{"__type":"$$EventMessageConfirm","confirm":"f56502a3-f5ca-4873-ac9a-4292550f8eb3","ts":"2026-05-30T13:13:19.692+00:00","source":{"id":"0","name":"eventBus"}}
{"__type":"$$EventMessageAudit","id":"11ba8908-2a2f-41f6-9bd6-7470bbd7cd66","ts":"2026-05-30T13:38:46.635+00:00","eventName":"n8n.audit.workflow.updated","message":"n8n.audit.workflow.updated","payload":{"userId":"eb4e42cd-1f3a-41ab-bedb-fad3ee20c6ec","_email":"arhamazan168@gmail.com","_firstName":"Admin","_lastName":"User","globalRole":"global:owner","workflowId":"t93Kfx64cL8Koufg","workflowName":"My workflow"}}
{"__type":"$$EventMessageConfirm","confirm":"11ba8908-2a2f-41f6-9bd6-7470bbd7cd66","ts":"2026-05-30T13:38:46.636+00:00","source":{"id":"0","name":"eventBus"}}
{"__type":"$$EventMessageAudit","id":"2b7ce92d-69d1-4b27-b447-23e49895c80a","ts":"2026-05-30T13:39:48.247+00:00","eventName":"n8n.audit.workflow.updated","message":"n8n.audit.workflow.updated","payload":{"userId":"eb4e42cd-1f3a-41ab-bedb-fad3ee20c6ec","_email":"arhamazan168@gmail.com","_firstName":"Admin","_lastName":"User","globalRole":"global:owner","workflowId":"t93Kfx64cL8Koufg","workflowName":"My workflow"}}
{"__type":"$$EventMessageConfirm","confirm":"2b7ce92d-69d1-4b27-b447-23e49895c80a","ts":"2026-05-30T13:39:48.247+00:00","source":{"id":"0","name":"eventBus"}}
{"__type":"$$EventMessageAudit","id":"35bb3557-45d0-467a-8def-86f51aef1a9e","ts":"2026-05-30T13:40:46.210+00:00","eventName":"n8n.audit.workflow.executed","message":"n8n.audit.workflow.executed","payload":{"userId":"eb4e42cd-1f3a-41ab-bedb-fad3ee20c6ec","_email":"arhamazan168@gmail.com","_firstName":"Admin","_lastName":"User","globalRole":"global:owner","workflowId":"t93Kfx64cL8Koufg","workflowName":"My workflow","executionId":"4","source":"user-manual"}}
{"__type":"$$EventMessageConfirm","confirm":"35bb3557-45d0-467a-8def-86f51aef1a9e","ts":"2026-05-30T13:40:46.210+00:00","source":{"id":"0","name":"eventBus"}}
{"__type":"$$EventMessageWorkflow","id":"c97a7a95-4dfb-4505-a875-0b8774cd336b","ts":"2026-05-30T13:40:46.212+00:00","eventName":"n8n.workflow.started","message":"n8n.workflow.started","payload":{"executionId":"4","workflowId":"t93Kfx64cL8Koufg","isManual":false,"mode":"manual","workflowName":"My workflow","projectId":"LlPSVELh7iOWU7ri","projectName":"Admin User <arhamazan168@gmail.com>"}}
{"__type":"$$EventMessageConfirm","confirm":"c97a7a95-4dfb-4505-a875-0b8774cd336b","ts":"2026-05-30T13:40:46.212+00:00","source":{"id":"0","name":"eventBus"}}
{"__type":"$$EventMessageNode","id":"b4c357de-fc8b-4e23-856a-b96429f0f14c","ts":"2026-05-30T13:40:46.228+00:00","eventName":"n8n.node.started","message":"n8n.node.started","payload":{"workflowId":"t93Kfx64cL8Koufg","workflowName":"My workflow","executionId":"4","nodeType":"n8n-nodes-base.httpRequest","nodeName":"HTTP Request","nodeId":"ac9bf462-b51e-4bc1-9662-1193dbf7f233"}}
{"__type":"$$EventMessageConfirm","confirm":"b4c357de-fc8b-4e23-856a-b96429f0f14c","ts":"2026-05-30T13:40:46.228+00:00","source":{"id":"0","name":"eventBus"}}
{"__type":"$$EventMessageNode","id":"b0a9607e-ae83-40d8-be4e-13a14752457a","ts":"2026-05-30T13:47:49.479+00:00","eventName":"n8n.node.finished","message":"n8n.node.finished","payload":{"workflowId":"t93Kfx64cL8Koufg","workflowName":"My workflow","executionId":"4","nodeType":"n8n-nodes-base.httpRequest","nodeName":"HTTP Request","nodeId":"ac9bf462-b51e-4bc1-9662-1193dbf7f233"}}
{"__type":"$$EventMessageConfirm","confirm":"b0a9607e-ae83-40d8-be4e-13a14752457a","ts":"2026-05-30T13:47:49.480+00:00","source":{"id":"0","name":"eventBus"}}
{"__type":"$$EventMessageWorkflow","id":"5484f3fc-e378-41e6-87fe-cba9257ba1e2","ts":"2026-05-30T13:47:49.487+00:00","eventName":"n8n.workflow.success","message":"n8n.workflow.success","payload":{"userId":"eb4e42cd-1f3a-41ab-bedb-fad3ee20c6ec","executionId":"4","success":true,"isManual":true,"mode":"manual","workflowId":"t93Kfx64cL8Koufg","workflowName":"My workflow","projectId":"LlPSVELh7iOWU7ri","projectName":"Admin User <arhamazan168@gmail.com>"}}
{"__type":"$$EventMessageConfirm","confirm":"5484f3fc-e378-41e6-87fe-cba9257ba1e2","ts":"2026-05-30T13:47:49.487+00:00","source":{"id":"0","name":"eventBus"}}
{"__type":"$$EventMessageAudit","id":"8e77c0ff-043c-420b-a65a-90b715334dfc","ts":"2026-05-30T15:17:17.483+00:00","eventName":"n8n.audit.workflow.updated","message":"n8n.audit.workflow.updated","payload":{"userId":"eb4e42cd-1f3a-41ab-bedb-fad3ee20c6ec","_email":"arhamazan168@gmail.com","_firstName":"Admin","_lastName":"User","globalRole":"global:owner","workflowId":"t93Kfx64cL8Koufg","workflowName":"My workflow"}}
{"__type":"$$EventMessageConfirm","confirm":"8e77c0ff-043c-420b-a65a-90b715334dfc","ts":"2026-05-30T15:17:17.486+00:00","source":{"id":"0","name":"eventBus"}}
{"__type":"$$EventMessageAudit","id":"7b93d9d4-5e7e-4061-bc0c-96112312546f","ts":"2026-05-30T15:17:51.594+00:00","eventName":"n8n.audit.workflow.updated","message":"n8n.audit.workflow.updated","payload":{"userId":"eb4e42cd-1f3a-41ab-bedb-fad3ee20c6ec","_email":"arhamazan168@gmail.com","_firstName":"Admin","_lastName":"User","globalRole":"global:owner","workflowId":"t93Kfx64cL8Koufg","workflowName":"My workflow"}}
{"__type":"$$EventMessageConfirm","confirm":"7b93d9d4-5e7e-4061-bc0c-96112312546f","ts":"2026-05-30T15:17:51.594+00:00","source":{"id":"0","name":"eventBus"}}
{"__type":"$$EventMessageAudit","id":"bd71ed07-0b2a-4043-930a-78312b0af94b","ts":"2026-05-30T15:18:12.858+00:00","eventName":"n8n.audit.workflow.updated","message":"n8n.audit.workflow.updated","payload":{"userId":"eb4e42cd-1f3a-41ab-bedb-fad3ee20c6ec","_email":"arhamazan168@gmail.com","_firstName":"Admin","_lastName":"User","globalRole":"global:owner","workflowId":"t93Kfx64cL8Koufg","workflowName":"My workflow"}}
{"__type":"$$EventMessageConfirm","confirm":"bd71ed07-0b2a-4043-930a-78312b0af94b","ts":"2026-05-30T15:18:12.858+00:00","source":{"id":"0","name":"eventBus"}}
{"__type":"$$EventMessageAudit","id":"7faf0f17-da2c-4983-b4e4-425c92338b29","ts":"2026-05-30T15:18:25.874+00:00","eventName":"n8n.audit.workflow.updated","message":"n8n.audit.workflow.updated","payload":{"userId":"eb4e42cd-1f3a-41ab-bedb-fad3ee20c6ec","_email":"arhamazan168@gmail.com","_firstName":"Admin","_lastName":"User","globalRole":"global:owner","workflowId":"t93Kfx64cL8Koufg","workflowName":"My workflow"}}
{"__type":"$$EventMessageConfirm","confirm":"7faf0f17-da2c-4983-b4e4-425c92338b29","ts":"2026-05-30T15:18:25.874+00:00","source":{"id":"0","name":"eventBus"}}
{"__type":"$$EventMessageAudit","id":"b0aff738-73ae-4edc-aec8-86e77e4a8592","ts":"2026-05-30T15:18:27.749+00:00","eventName":"n8n.audit.workflow.updated","message":"n8n.audit.workflow.updated","payload":{"userId":"eb4e42cd-1f3a-41ab-bedb-fad3ee20c6ec","_email":"arhamazan168@gmail.com","_firstName":"Admin","_lastName":"User","globalRole":"global:owner","workflowId":"t93Kfx64cL8Koufg","workflowName":"My workflow"}}
{"__type":"$$EventMessageConfirm","confirm":"b0aff738-73ae-4edc-aec8-86e77e4a8592","ts":"2026-05-30T15:18:27.749+00:00","source":{"id":"0","name":"eventBus"}}
{"__type":"$$EventMessageAudit","id":"a1595a12-b822-4bfb-b0ee-112279921229","ts":"2026-05-30T15:19:42.683+00:00","eventName":"n8n.audit.workflow.updated","message":"n8n.audit.workflow.updated","payload":{"userId":"eb4e42cd-1f3a-41ab-bedb-fad3ee20c6ec","_email":"arhamazan168@gmail.com","_firstName":"Admin","_lastName":"User","globalRole":"global:owner","workflowId":"t93Kfx64cL8Koufg","workflowName":"My workflow"}}
{"__type":"$$EventMessageConfirm","confirm":"a1595a12-b822-4bfb-b0ee-112279921229","ts":"2026-05-30T15:19:42.684+00:00","source":{"id":"0","name":"eventBus"}}
{"__type":"$$EventMessageAudit","id":"49a835f5-4d06-4c50-82cd-b4d4852c9265","ts":"2026-05-30T15:19:53.361+00:00","eventName":"n8n.audit.workflow.updated","message":"n8n.audit.workflow.updated","payload":{"userId":"eb4e42cd-1f3a-41ab-bedb-fad3ee20c6ec","_email":"arhamazan168@gmail.com","_firstName":"Admin","_lastName":"User","globalRole":"global:owner","workflowId":"t93Kfx64cL8Koufg","workflowName":"My workflow"}}
{"__type":"$$EventMessageConfirm","confirm":"49a835f5-4d06-4c50-82cd-b4d4852c9265","ts":"2026-05-30T15:19:53.362+00:00","source":{"id":"0","name":"eventBus"}}
{"__type":"$$EventMessageAudit","id":"e81fdb7c-b3d7-45c0-bd2c-52b9f5b3fd53","ts":"2026-05-30T15:19:55.333+00:00","eventName":"n8n.audit.workflow.updated","message":"n8n.audit.workflow.updated","payload":{"userId":"eb4e42cd-1f3a-41ab-bedb-fad3ee20c6ec","_email":"arhamazan168@gmail.com","_firstName":"Admin","_lastName":"User","globalRole":"global:owner","workflowId":"t93Kfx64cL8Koufg","workflowName":"My workflow"}}
{"__type":"$$EventMessageConfirm","confirm":"e81fdb7c-b3d7-45c0-bd2c-52b9f5b3fd53","ts":"2026-05-30T15:19:55.333+00:00","source":{"id":"0","name":"eventBus"}}
{"__type":"$$EventMessageAudit","id":"abab4776-8959-48ad-a957-95aa30b283c7","ts":"2026-05-30T15:19:57.609+00:00","eventName":"n8n.audit.workflow.updated","message":"n8n.audit.workflow.updated","payload":{"userId":"eb4e42cd-1f3a-41ab-bedb-fad3ee20c6ec","_email":"arhamazan168@gmail.com","_firstName":"Admin","_lastName":"User","globalRole":"global:owner","workflowId":"t93Kfx64cL8Koufg","workflowName":"My workflow"}}
{"__type":"$$EventMessageConfirm","confirm":"abab4776-8959-48ad-a957-95aa30b283c7","ts":"2026-05-30T15:19:57.609+00:00","source":{"id":"0","name":"eventBus"}}
{"__type":"$$EventMessageAudit","id":"b32d5c74-b3c6-4210-a275-e3c2022ebdf1","ts":"2026-05-30T15:20:02.085+00:00","eventName":"n8n.audit.workflow.updated","message":"n8n.audit.workflow.updated","payload":{"userId":"eb4e42cd-1f3a-41ab-bedb-fad3ee20c6ec","_email":"arhamazan168@gmail.com","_firstName":"Admin","_lastName":"User","globalRole":"global:owner","workflowId":"t93Kfx64cL8Koufg","workflowName":"My workflow"}}
{"__type":"$$EventMessageConfirm","confirm":"b32d5c74-b3c6-4210-a275-e3c2022ebdf1","ts":"2026-05-30T15:20:02.085+00:00","source":{"id":"0","name":"eventBus"}}
{"__type":"$$EventMessageAudit","id":"5b1bb804-2e3f-4690-a032-5ada4def106d","ts":"2026-05-30T15:20:04.610+00:00","eventName":"n8n.audit.workflow.updated","message":"n8n.audit.workflow.updated","payload":{"userId":"eb4e42cd-1f3a-41ab-bedb-fad3ee20c6ec","_email":"arhamazan168@gmail.com","_firstName":"Admin","_lastName":"User","globalRole":"global:owner","workflowId":"t93Kfx64cL8Koufg","workflowName":"My workflow"}}
{"__type":"$$EventMessageConfirm","confirm":"5b1bb804-2e3f-4690-a032-5ada4def106d","ts":"2026-05-30T15:20:04.610+00:00","source":{"id":"0","name":"eventBus"}}
{"__type":"$$EventMessageAudit","id":"b3c49776-08d7-4197-a525-53616119b147","ts":"2026-05-30T15:20:07.725+00:00","eventName":"n8n.audit.workflow.updated","message":"n8n.audit.workflow.updated","payload":{"userId":"eb4e42cd-1f3a-41ab-bedb-fad3ee20c6ec","_email":"arhamazan168@gmail.com","_firstName":"Admin","_lastName":"User","globalRole":"global:owner","workflowId":"t93Kfx64cL8Koufg","workflowName":"My workflow"}}
{"__type":"$$EventMessageConfirm","confirm":"b3c49776-08d7-4197-a525-53616119b147","ts":"2026-05-30T15:20:07.725+00:00","source":{"id":"0","name":"eventBus"}}
{"__type":"$$EventMessageWorkflow","id":"06b3b7e8-1d9c-4e18-b8cf-a797d3ba51f5","ts":"2026-05-30T15:20:17.267+00:00","eventName":"n8n.workflow.failed","message":"n8n.workflow.failed","payload":{"userId":"eb4e42cd-1f3a-41ab-bedb-fad3ee20c6ec","executionId":"5","success":false,"isManual":true,"mode":"manual","workflowId":"t93Kfx64cL8Koufg","workflowName":"My workflow","projectId":"LlPSVELh7iOWU7ri","projectName":"Admin User <arhamazan168@gmail.com>","errorMessage":"The workflow has issues and cannot be executed for that reason. Please fix them first."}}
{"__type":"$$EventMessageConfirm","confirm":"06b3b7e8-1d9c-4e18-b8cf-a797d3ba51f5","ts":"2026-05-30T15:20:17.267+00:00","source":{"id":"0","name":"eventBus"}}
{"__type":"$$EventMessageAudit","id":"17e63f26-6b44-41bd-b160-0884b21cd712","ts":"2026-05-30T15:20:26.166+00:00","eventName":"n8n.audit.workflow.updated","message":"n8n.audit.workflow.updated","payload":{"userId":"eb4e42cd-1f3a-41ab-bedb-fad3ee20c6ec","_email":"arhamazan168@gmail.com","_firstName":"Admin","_lastName":"User","globalRole":"global:owner","workflowId":"t93Kfx64cL8Koufg","workflowName":"My workflow"}}
{"__type":"$$EventMessageConfirm","confirm":"17e63f26-6b44-41bd-b160-0884b21cd712","ts":"2026-05-30T15:20:26.166+00:00","source":{"id":"0","name":"eventBus"}}
{"__type":"$$EventMessageAudit","id":"d1535e56-52b5-47e0-93f4-89b07273a226","ts":"2026-05-30T15:20:42.455+00:00","eventName":"n8n.audit.workflow.updated","message":"n8n.audit.workflow.updated","payload":{"userId":"eb4e42cd-1f3a-41ab-bedb-fad3ee20c6ec","_email":"arhamazan168@gmail.com","_firstName":"Admin","_lastName":"User","globalRole":"global:owner","workflowId":"t93Kfx64cL8Koufg","workflowName":"My workflow"}}
{"__type":"$$EventMessageConfirm","confirm":"d1535e56-52b5-47e0-93f4-89b07273a226","ts":"2026-05-30T15:20:42.456+00:00","source":{"id":"0","name":"eventBus"}}
{"__type":"$$EventMessageAudit","id":"37729b12-ab32-4b55-b5a5-ac088e8e85d0","ts":"2026-05-30T15:20:47.196+00:00","eventName":"n8n.audit.workflow.updated","message":"n8n.audit.workflow.updated","payload":{"userId":"eb4e42cd-1f3a-41ab-bedb-fad3ee20c6ec","_email":"arhamazan168@gmail.com","_firstName":"Admin","_lastName":"User","globalRole":"global:owner","workflowId":"t93Kfx64cL8Koufg","workflowName":"My workflow"}}
{"__type":"$$EventMessageConfirm","confirm":"37729b12-ab32-4b55-b5a5-ac088e8e85d0","ts":"2026-05-30T15:20:47.196+00:00","source":{"id":"0","name":"eventBus"}}
{"__type":"$$EventMessageAudit","id":"70a69b85-0aa0-44a6-b9c0-4d069002fa3e","ts":"2026-05-30T15:21:02.052+00:00","eventName":"n8n.audit.workflow.updated","message":"n8n.audit.workflow.updated","payload":{"userId":"eb4e42cd-1f3a-41ab-bedb-fad3ee20c6ec","_email":"arhamazan168@gmail.com","_firstName":"Admin","_lastName":"User","globalRole":"global:owner","workflowId":"t93Kfx64cL8Koufg","workflowName":"My workflow"}}
{"__type":"$$EventMessageConfirm","confirm":"70a69b85-0aa0-44a6-b9c0-4d069002fa3e","ts":"2026-05-30T15:21:02.052+00:00","source":{"id":"0","name":"eventBus"}}
{"__type":"$$EventMessageAudit","id":"365ecaa8-561b-4a12-85ac-0d0e5e9ef7d9","ts":"2026-05-30T15:21:14.412+00:00","eventName":"n8n.audit.workflow.updated","message":"n8n.audit.workflow.updated","payload":{"userId":"eb4e42cd-1f3a-41ab-bedb-fad3ee20c6ec","_email":"arhamazan168@gmail.com","_firstName":"Admin","_lastName":"User","globalRole":"global:owner","workflowId":"t93Kfx64cL8Koufg","workflowName":"My workflow"}}
{"__type":"$$EventMessageConfirm","confirm":"365ecaa8-561b-4a12-85ac-0d0e5e9ef7d9","ts":"2026-05-30T15:21:14.412+00:00","source":{"id":"0","name":"eventBus"}}
{"__type":"$$EventMessageAudit","id":"f9ec5114-1c28-4edb-9b14-b4c52aa3a98b","ts":"2026-05-30T15:21:16.015+00:00","eventName":"n8n.audit.workflow.updated","message":"n8n.audit.workflow.updated","payload":{"userId":"eb4e42cd-1f3a-41ab-bedb-fad3ee20c6ec","_email":"arhamazan168@gmail.com","_firstName":"Admin","_lastName":"User","globalRole":"global:owner","workflowId":"t93Kfx64cL8Koufg","workflowName":"My workflow"}}
{"__type":"$$EventMessageConfirm","confirm":"f9ec5114-1c28-4edb-9b14-b4c52aa3a98b","ts":"2026-05-30T15:21:16.015+00:00","source":{"id":"0","name":"eventBus"}}
{"__type":"$$EventMessageAudit","id":"20857c15-436f-4046-b8c4-63e7a906d284","ts":"2026-05-30T15:21:48.550+00:00","eventName":"n8n.audit.workflow.updated","message":"n8n.audit.workflow.updated","payload":{"userId":"eb4e42cd-1f3a-41ab-bedb-fad3ee20c6ec","_email":"arhamazan168@gmail.com","_firstName":"Admin","_lastName":"User","globalRole":"global:owner","workflowId":"t93Kfx64cL8Koufg","workflowName":"My workflow"}}
{"__type":"$$EventMessageConfirm","confirm":"20857c15-436f-4046-b8c4-63e7a906d284","ts":"2026-05-30T15:21:48.550+00:00","source":{"id":"0","name":"eventBus"}}
{"__type":"$$EventMessageAudit","id":"ffd6f2cd-8356-4219-be44-67f9fd06c0f6","ts":"2026-05-30T15:21:52.614+00:00","eventName":"n8n.audit.workflow.updated","message":"n8n.audit.workflow.updated","payload":{"userId":"eb4e42cd-1f3a-41ab-bedb-fad3ee20c6ec","_email":"arhamazan168@gmail.com","_firstName":"Admin","_lastName":"User","globalRole":"global:owner","workflowId":"t93Kfx64cL8Koufg","workflowName":"My workflow"}}
{"__type":"$$EventMessageConfirm","confirm":"ffd6f2cd-8356-4219-be44-67f9fd06c0f6","ts":"2026-05-30T15:21:52.614+00:00","source":{"id":"0","name":"eventBus"}}
{"__type":"$$EventMessageAudit","id":"f43cfbc7-dd9c-44c8-8ee8-4dd11584406e","ts":"2026-05-30T15:24:12.295+00:00","eventName":"n8n.audit.workflow.executed","message":"n8n.audit.workflow.executed","payload":{"userId":"eb4e42cd-1f3a-41ab-bedb-fad3ee20c6ec","_email":"arhamazan168@gmail.com","_firstName":"Admin","_lastName":"User","globalRole":"global:owner","workflowId":"t93Kfx64cL8Koufg","workflowName":"My workflow","executionId":"6","source":"user-manual"}}
{"__type":"$$EventMessageConfirm","confirm":"f43cfbc7-dd9c-44c8-8ee8-4dd11584406e","ts":"2026-05-30T15:24:12.295+00:00","source":{"id":"0","name":"eventBus"}}
{"__type":"$$EventMessageWorkflow","id":"bbfbaa2b-9be4-4830-8f1f-9b161f332e35","ts":"2026-05-30T15:24:12.296+00:00","eventName":"n8n.workflow.started","message":"n8n.workflow.started","payload":{"executionId":"6","workflowId":"t93Kfx64cL8Koufg","isManual":false,"mode":"manual","workflowName":"My workflow","projectId":"LlPSVELh7iOWU7ri","projectName":"Admin User <arhamazan168@gmail.com>"}}
{"__type":"$$EventMessageConfirm","confirm":"bbfbaa2b-9be4-4830-8f1f-9b161f332e35","ts":"2026-05-30T15:24:12.296+00:00","source":{"id":"0","name":"eventBus"}}
{"__type":"$$EventMessageNode","id":"418d6612-3fa4-47f0-8f0d-8c9f37b3aac0","ts":"2026-05-30T15:24:12.313+00:00","eventName":"n8n.node.started","message":"n8n.node.started","payload":{"workflowId":"t93Kfx64cL8Koufg","workflowName":"My workflow","executionId":"6","nodeType":"n8n-nodes-base.manualTrigger","nodeName":"When clicking ‘Execute workflow’","nodeId":"6b4fc532-9cc4-4ece-b9fb-4bef5c290a92"}}
{"__type":"$$EventMessageConfirm","confirm":"418d6612-3fa4-47f0-8f0d-8c9f37b3aac0","ts":"2026-05-30T15:24:12.313+00:00","source":{"id":"0","name":"eventBus"}}
{"__type":"$$EventMessageNode","id":"5338447b-cb86-447b-9b71-5de6d69f50b1","ts":"2026-05-30T15:24:12.318+00:00","eventName":"n8n.node.finished","message":"n8n.node.finished","payload":{"workflowId":"t93Kfx64cL8Koufg","workflowName":"My workflow","executionId":"6","nodeType":"n8n-nodes-base.manualTrigger","nodeName":"When clicking ‘Execute workflow’","nodeId":"6b4fc532-9cc4-4ece-b9fb-4bef5c290a92"}}
{"__type":"$$EventMessageConfirm","confirm":"5338447b-cb86-447b-9b71-5de6d69f50b1","ts":"2026-05-30T15:24:12.319+00:00","source":{"id":"0","name":"eventBus"}}
{"__type":"$$EventMessageNode","id":"9da1e891-05f2-4016-a17f-c549f079d5a7","ts":"2026-05-30T15:24:12.320+00:00","eventName":"n8n.node.started","message":"n8n.node.started","payload":{"workflowId":"t93Kfx64cL8Koufg","workflowName":"My workflow","executionId":"6","nodeType":"n8n-nodes-base.httpRequest","nodeName":"HTTP Request2","nodeId":"35c368e5-de99-4f08-a3e5-1a2ceb9bdf64"}}
{"__type":"$$EventMessageConfirm","confirm":"9da1e891-05f2-4016-a17f-c549f079d5a7","ts":"2026-05-30T15:24:12.320+00:00","source":{"id":"0","name":"eventBus"}}
{"__type":"$$EventMessageNode","id":"b3186e4d-7dc8-459b-a2ee-870aae05d551","ts":"2026-05-30T15:24:14.376+00:00","eventName":"n8n.node.finished","message":"n8n.node.finished","payload":{"workflowId":"t93Kfx64cL8Koufg","workflowName":"My workflow","executionId":"6","nodeType":"n8n-nodes-base.httpRequest","nodeName":"HTTP Request2","nodeId":"35c368e5-de99-4f08-a3e5-1a2ceb9bdf64"}}
{"__type":"$$EventMessageConfirm","confirm":"b3186e4d-7dc8-459b-a2ee-870aae05d551","ts":"2026-05-30T15:24:14.376+00:00","source":{"id":"0","name":"eventBus"}}
{"__type":"$$EventMessageWorkflow","id":"de20c16b-61d3-47a1-b2e0-6595fa2edf8e","ts":"2026-05-30T15:24:14.381+00:00","eventName":"n8n.workflow.failed","message":"n8n.workflow.failed","payload":{"userId":"eb4e42cd-1f3a-41ab-bedb-fad3ee20c6ec","executionId":"6","success":false,"isManual":true,"mode":"manual","workflowId":"t93Kfx64cL8Koufg","workflowName":"My workflow","projectId":"LlPSVELh7iOWU7ri","projectName":"Admin User <arhamazan168@gmail.com>","lastNodeExecuted":"HTTP Request2","errorNodeType":"n8n-nodes-base.httpRequest","errorMessage":"The service refused the connection - perhaps it is offline"}}
{"__type":"$$EventMessageConfirm","confirm":"de20c16b-61d3-47a1-b2e0-6595fa2edf8e","ts":"2026-05-30T15:24:14.381+00:00","source":{"id":"0","name":"eventBus"}}
{"__type":"$$EventMessageAudit","id":"9bae4449-94b5-45f8-a364-7cb057f65e13","ts":"2026-05-30T15:38:19.040+00:00","eventName":"n8n.audit.workflow.executed","message":"n8n.audit.workflow.executed","payload":{"userId":"eb4e42cd-1f3a-41ab-bedb-fad3ee20c6ec","_email":"arhamazan168@gmail.com","_firstName":"Admin","_lastName":"User","globalRole":"global:owner","workflowId":"t93Kfx64cL8Koufg","workflowName":"My workflow","executionId":"7","source":"user-manual"}}
{"__type":"$$EventMessageConfirm","confirm":"9bae4449-94b5-45f8-a364-7cb057f65e13","ts":"2026-05-30T15:38:19.041+00:00","source":{"id":"0","name":"eventBus"}}
{"__type":"$$EventMessageWorkflow","id":"2fd15fac-74d7-4716-8776-8c064a839ec3","ts":"2026-05-30T15:38:19.042+00:00","eventName":"n8n.workflow.started","message":"n8n.workflow.started","payload":{"executionId":"7","workflowId":"t93Kfx64cL8Koufg","isManual":false,"mode":"manual","workflowName":"My workflow","projectId":"LlPSVELh7iOWU7ri","projectName":"Admin User <arhamazan168@gmail.com>"}}
{"__type":"$$EventMessageConfirm","confirm":"2fd15fac-74d7-4716-8776-8c064a839ec3","ts":"2026-05-30T15:38:19.042+00:00","source":{"id":"0","name":"eventBus"}}
{"__type":"$$EventMessageNode","id":"bcba4887-12b0-4e04-8e90-e39c3acca5e6","ts":"2026-05-30T15:38:19.058+00:00","eventName":"n8n.node.started","message":"n8n.node.started","payload":{"workflowId":"t93Kfx64cL8Koufg","workflowName":"My workflow","executionId":"7","nodeType":"n8n-nodes-base.manualTrigger","nodeName":"When clicking ‘Execute workflow’","nodeId":"6b4fc532-9cc4-4ece-b9fb-4bef5c290a92"}}
{"__type":"$$EventMessageConfirm","confirm":"bcba4887-12b0-4e04-8e90-e39c3acca5e6","ts":"2026-05-30T15:38:19.058+00:00","source":{"id":"0","name":"eventBus"}}
{"__type":"$$EventMessageNode","id":"18cab8d6-31dc-4b0c-ab43-05a10cacf4bf","ts":"2026-05-30T15:38:19.061+00:00","eventName":"n8n.node.finished","message":"n8n.node.finished","payload":{"workflowId":"t93Kfx64cL8Koufg","workflowName":"My workflow","executionId":"7","nodeType":"n8n-nodes-base.manualTrigger","nodeName":"When clicking ‘Execute workflow’","nodeId":"6b4fc532-9cc4-4ece-b9fb-4bef5c290a92"}}
{"__type":"$$EventMessageConfirm","confirm":"18cab8d6-31dc-4b0c-ab43-05a10cacf4bf","ts":"2026-05-30T15:38:19.062+00:00","source":{"id":"0","name":"eventBus"}}
{"__type":"$$EventMessageNode","id":"f0da112f-3602-4f7a-9b1b-9046cc62d968","ts":"2026-05-30T15:38:19.064+00:00","eventName":"n8n.node.started","message":"n8n.node.started","payload":{"workflowId":"t93Kfx64cL8Koufg","workflowName":"My workflow","executionId":"7","nodeType":"n8n-nodes-base.httpRequest","nodeName":"HTTP Request2","nodeId":"35c368e5-de99-4f08-a3e5-1a2ceb9bdf64"}}
{"__type":"$$EventMessageConfirm","confirm":"f0da112f-3602-4f7a-9b1b-9046cc62d968","ts":"2026-05-30T15:38:19.065+00:00","source":{"id":"0","name":"eventBus"}}
{"__type":"$$EventMessageNode","id":"4dc5e19a-10fd-465e-815f-d09dc7def2fe","ts":"2026-05-30T15:38:19.099+00:00","eventName":"n8n.node.finished","message":"n8n.node.finished","payload":{"workflowId":"t93Kfx64cL8Koufg","workflowName":"My workflow","executionId":"7","nodeType":"n8n-nodes-base.httpRequest","nodeName":"HTTP Request2","nodeId":"35c368e5-de99-4f08-a3e5-1a2ceb9bdf64"}}
{"__type":"$$EventMessageConfirm","confirm":"4dc5e19a-10fd-465e-815f-d09dc7def2fe","ts":"2026-05-30T15:38:19.099+00:00","source":{"id":"0","name":"eventBus"}}
{"__type":"$$EventMessageWorkflow","id":"cc1b17db-b3c5-47b3-95bf-c73d8ea2541e","ts":"2026-05-30T15:38:19.101+00:00","eventName":"n8n.workflow.failed","message":"n8n.workflow.failed","payload":{"userId":"eb4e42cd-1f3a-41ab-bedb-fad3ee20c6ec","executionId":"7","success":false,"isManual":true,"mode":"manual","workflowId":"t93Kfx64cL8Koufg","workflowName":"My workflow","projectId":"LlPSVELh7iOWU7ri","projectName":"Admin User <arhamazan168@gmail.com>","lastNodeExecuted":"HTTP Request2","errorNodeType":"n8n-nodes-base.httpRequest","errorMessage":"The service was not able to process your request"}}
{"__type":"$$EventMessageConfirm","confirm":"cc1b17db-b3c5-47b3-95bf-c73d8ea2541e","ts":"2026-05-30T15:38:19.101+00:00","source":{"id":"0","name":"eventBus"}}
{"__type":"$$EventMessageAudit","id":"48096c79-252e-42c6-bad3-061a58510ed5","ts":"2026-05-30T15:38:21.127+00:00","eventName":"n8n.audit.workflow.executed","message":"n8n.audit.workflow.executed","payload":{"userId":"eb4e42cd-1f3a-41ab-bedb-fad3ee20c6ec","_email":"arhamazan168@gmail.com","_firstName":"Admin","_lastName":"User","globalRole":"global:owner","workflowId":"t93Kfx64cL8Koufg","workflowName":"My workflow","executionId":"8","source":"user-manual"}}
{"__type":"$$EventMessageConfirm","confirm":"48096c79-252e-42c6-bad3-061a58510ed5","ts":"2026-05-30T15:38:21.127+00:00","source":{"id":"0","name":"eventBus"}}
{"__type":"$$EventMessageWorkflow","id":"0380a032-8059-481c-8640-eb9dd02f0b85","ts":"2026-05-30T15:38:21.128+00:00","eventName":"n8n.workflow.started","message":"n8n.workflow.started","payload":{"executionId":"8","workflowId":"t93Kfx64cL8Koufg","isManual":false,"mode":"manual","workflowName":"My workflow","projectId":"LlPSVELh7iOWU7ri","projectName":"Admin User <arhamazan168@gmail.com>"}}
{"__type":"$$EventMessageConfirm","confirm":"0380a032-8059-481c-8640-eb9dd02f0b85","ts":"2026-05-30T15:38:21.128+00:00","source":{"id":"0","name":"eventBus"}}
{"__type":"$$EventMessageNode","id":"7a084560-48f1-46e0-9def-fce06fb7ea35","ts":"2026-05-30T15:38:21.138+00:00","eventName":"n8n.node.started","message":"n8n.node.started","payload":{"workflowId":"t93Kfx64cL8Koufg","workflowName":"My workflow","executionId":"8","nodeType":"n8n-nodes-base.manualTrigger","nodeName":"When clicking ‘Execute workflow’","nodeId":"6b4fc532-9cc4-4ece-b9fb-4bef5c290a92"}}
{"__type":"$$EventMessageConfirm","confirm":"7a084560-48f1-46e0-9def-fce06fb7ea35","ts":"2026-05-30T15:38:21.138+00:00","source":{"id":"0","name":"eventBus"}}
{"__type":"$$EventMessageNode","id":"06e5f762-6b93-49be-84df-b3fdc1c50fec","ts":"2026-05-30T15:38:21.138+00:00","eventName":"n8n.node.finished","message":"n8n.node.finished","payload":{"workflowId":"t93Kfx64cL8Koufg","workflowName":"My workflow","executionId":"8","nodeType":"n8n-nodes-base.manualTrigger","nodeName":"When clicking ‘Execute workflow’","nodeId":"6b4fc532-9cc4-4ece-b9fb-4bef5c290a92"}}
{"__type":"$$EventMessageConfirm","confirm":"06e5f762-6b93-49be-84df-b3fdc1c50fec","ts":"2026-05-30T15:38:21.138+00:00","source":{"id":"0","name":"eventBus"}}
{"__type":"$$EventMessageNode","id":"63540f58-8c16-4e4f-9d43-1792f3361f06","ts":"2026-05-30T15:38:21.139+00:00","eventName":"n8n.node.started","message":"n8n.node.started","payload":{"workflowId":"t93Kfx64cL8Koufg","workflowName":"My workflow","executionId":"8","nodeType":"n8n-nodes-base.httpRequest","nodeName":"HTTP Request2","nodeId":"35c368e5-de99-4f08-a3e5-1a2ceb9bdf64"}}
{"__type":"$$EventMessageConfirm","confirm":"63540f58-8c16-4e4f-9d43-1792f3361f06","ts":"2026-05-30T15:38:21.139+00:00","source":{"id":"0","name":"eventBus"}}
{"__type":"$$EventMessageNode","id":"843bb8de-9c77-45fe-afa7-79f5f0a0c0f4","ts":"2026-05-30T15:38:21.155+00:00","eventName":"n8n.node.finished","message":"n8n.node.finished","payload":{"workflowId":"t93Kfx64cL8Koufg","workflowName":"My workflow","executionId":"8","nodeType":"n8n-nodes-base.httpRequest","nodeName":"HTTP Request2","nodeId":"35c368e5-de99-4f08-a3e5-1a2ceb9bdf64"}}
{"__type":"$$EventMessageConfirm","confirm":"843bb8de-9c77-45fe-afa7-79f5f0a0c0f4","ts":"2026-05-30T15:38:21.155+00:00","source":{"id":"0","name":"eventBus"}}
{"__type":"$$EventMessageWorkflow","id":"8e4a36a2-d4d9-4013-a309-914f70a72e3e","ts":"2026-05-30T15:38:21.157+00:00","eventName":"n8n.workflow.failed","message":"n8n.workflow.failed","payload":{"userId":"eb4e42cd-1f3a-41ab-bedb-fad3ee20c6ec","executionId":"8","success":false,"isManual":true,"mode":"manual","workflowId":"t93Kfx64cL8Koufg","workflowName":"My workflow","projectId":"LlPSVELh7iOWU7ri","projectName":"Admin User <arhamazan168@gmail.com>","lastNodeExecuted":"HTTP Request2","errorNodeType":"n8n-nodes-base.httpRequest","errorMessage":"The service was not able to process your request"}}
{"__type":"$$EventMessageConfirm","confirm":"8e4a36a2-d4d9-4013-a309-914f70a72e3e","ts":"2026-05-30T15:38:21.157+00:00","source":{"id":"0","name":"eventBus"}}
{"__type":"$$EventMessageAudit","id":"34505d9e-5935-406b-b868-2a6f700e7334","ts":"2026-05-30T15:38:24.706+00:00","eventName":"n8n.audit.workflow.executed","message":"n8n.audit.workflow.executed","payload":{"userId":"eb4e42cd-1f3a-41ab-bedb-fad3ee20c6ec","_email":"arhamazan168@gmail.com","_firstName":"Admin","_lastName":"User","globalRole":"global:owner","workflowId":"t93Kfx64cL8Koufg","workflowName":"My workflow","executionId":"9","source":"user-manual"}}
{"__type":"$$EventMessageConfirm","confirm":"34505d9e-5935-406b-b868-2a6f700e7334","ts":"2026-05-30T15:38:24.706+00:00","source":{"id":"0","name":"eventBus"}}
{"__type":"$$EventMessageWorkflow","id":"8d13dd4e-6127-4273-a4e2-76ff9088e449","ts":"2026-05-30T15:38:24.707+00:00","eventName":"n8n.workflow.started","message":"n8n.workflow.started","payload":{"executionId":"9","workflowId":"t93Kfx64cL8Koufg","isManual":false,"mode":"manual","workflowName":"My workflow","projectId":"LlPSVELh7iOWU7ri","projectName":"Admin User <arhamazan168@gmail.com>"}}
{"__type":"$$EventMessageConfirm","confirm":"8d13dd4e-6127-4273-a4e2-76ff9088e449","ts":"2026-05-30T15:38:24.708+00:00","source":{"id":"0","name":"eventBus"}}
{"__type":"$$EventMessageNode","id":"051cfff0-b09f-4a28-8c15-c2701f7b012c","ts":"2026-05-30T15:38:24.718+00:00","eventName":"n8n.node.started","message":"n8n.node.started","payload":{"workflowId":"t93Kfx64cL8Koufg","workflowName":"My workflow","executionId":"9","nodeType":"n8n-nodes-base.manualTrigger","nodeName":"When clicking ‘Execute workflow’","nodeId":"6b4fc532-9cc4-4ece-b9fb-4bef5c290a92"}}
{"__type":"$$EventMessageConfirm","confirm":"051cfff0-b09f-4a28-8c15-c2701f7b012c","ts":"2026-05-30T15:38:24.718+00:00","source":{"id":"0","name":"eventBus"}}
{"__type":"$$EventMessageNode","id":"65baac0a-e81d-443a-8bb9-721f92934159","ts":"2026-05-30T15:38:24.719+00:00","eventName":"n8n.node.finished","message":"n8n.node.finished","payload":{"workflowId":"t93Kfx64cL8Koufg","workflowName":"My workflow","executionId":"9","nodeType":"n8n-nodes-base.manualTrigger","nodeName":"When clicking ‘Execute workflow’","nodeId":"6b4fc532-9cc4-4ece-b9fb-4bef5c290a92"}}
{"__type":"$$EventMessageConfirm","confirm":"65baac0a-e81d-443a-8bb9-721f92934159","ts":"2026-05-30T15:38:24.719+00:00","source":{"id":"0","name":"eventBus"}}
{"__type":"$$EventMessageNode","id":"2cfc47a7-e02f-49aa-a10e-b6e12e93385a","ts":"2026-05-30T15:38:24.720+00:00","eventName":"n8n.node.started","message":"n8n.node.started","payload":{"workflowId":"t93Kfx64cL8Koufg","workflowName":"My workflow","executionId":"9","nodeType":"n8n-nodes-base.httpRequest","nodeName":"HTTP Request2","nodeId":"35c368e5-de99-4f08-a3e5-1a2ceb9bdf64"}}
{"__type":"$$EventMessageConfirm","confirm":"2cfc47a7-e02f-49aa-a10e-b6e12e93385a","ts":"2026-05-30T15:38:24.720+00:00","source":{"id":"0","name":"eventBus"}}
{"__type":"$$EventMessageNode","id":"5213205e-ccc1-48c6-847d-698a68c04dbd","ts":"2026-05-30T15:38:24.736+00:00","eventName":"n8n.node.finished","message":"n8n.node.finished","payload":{"workflowId":"t93Kfx64cL8Koufg","workflowName":"My workflow","executionId":"9","nodeType":"n8n-nodes-base.httpRequest","nodeName":"HTTP Request2","nodeId":"35c368e5-de99-4f08-a3e5-1a2ceb9bdf64"}}
{"__type":"$$EventMessageConfirm","confirm":"5213205e-ccc1-48c6-847d-698a68c04dbd","ts":"2026-05-30T15:38:24.737+00:00","source":{"id":"0","name":"eventBus"}}
{"__type":"$$EventMessageWorkflow","id":"92ef0fa2-7588-4d6e-9f00-ed4b47933d62","ts":"2026-05-30T15:38:24.738+00:00","eventName":"n8n.workflow.failed","message":"n8n.workflow.failed","payload":{"userId":"eb4e42cd-1f3a-41ab-bedb-fad3ee20c6ec","executionId":"9","success":false,"isManual":true,"mode":"manual","workflowId":"t93Kfx64cL8Koufg","workflowName":"My workflow","projectId":"LlPSVELh7iOWU7ri","projectName":"Admin User <arhamazan168@gmail.com>","lastNodeExecuted":"HTTP Request2","errorNodeType":"n8n-nodes-base.httpRequest","errorMessage":"The service was not able to process your request"}}
{"__type":"$$EventMessageConfirm","confirm":"92ef0fa2-7588-4d6e-9f00-ed4b47933d62","ts":"2026-05-30T15:38:24.739+00:00","source":{"id":"0","name":"eventBus"}}
{"__type":"$$EventMessageAudit","id":"afeafe50-61f5-496e-8e65-f78d4009051e","ts":"2026-05-30T15:39:21.048+00:00","eventName":"n8n.audit.workflow.executed","message":"n8n.audit.workflow.executed","payload":{"userId":"eb4e42cd-1f3a-41ab-bedb-fad3ee20c6ec","_email":"arhamazan168@gmail.com","_firstName":"Admin","_lastName":"User","globalRole":"global:owner","workflowId":"t93Kfx64cL8Koufg","workflowName":"My workflow","executionId":"10","source":"user-manual"}}
{"__type":"$$EventMessageConfirm","confirm":"afeafe50-61f5-496e-8e65-f78d4009051e","ts":"2026-05-30T15:39:21.048+00:00","source":{"id":"0","name":"eventBus"}}
{"__type":"$$EventMessageWorkflow","id":"22232a80-4125-462f-b14a-8f72c1fe52f4","ts":"2026-05-30T15:39:21.048+00:00","eventName":"n8n.workflow.started","message":"n8n.workflow.started","payload":{"executionId":"10","workflowId":"t93Kfx64cL8Koufg","isManual":false,"mode":"manual","workflowName":"My workflow","projectId":"LlPSVELh7iOWU7ri","projectName":"Admin User <arhamazan168@gmail.com>"}}
{"__type":"$$EventMessageConfirm","confirm":"22232a80-4125-462f-b14a-8f72c1fe52f4","ts":"2026-05-30T15:39:21.048+00:00","source":{"id":"0","name":"eventBus"}}
{"__type":"$$EventMessageNode","id":"b9c56760-5701-41ed-b401-3ae11b10e36b","ts":"2026-05-30T15:39:21.058+00:00","eventName":"n8n.node.started","message":"n8n.node.started","payload":{"workflowId":"t93Kfx64cL8Koufg","workflowName":"My workflow","executionId":"10","nodeType":"n8n-nodes-base.manualTrigger","nodeName":"When clicking ‘Execute workflow’","nodeId":"6b4fc532-9cc4-4ece-b9fb-4bef5c290a92"}}
{"__type":"$$EventMessageConfirm","confirm":"b9c56760-5701-41ed-b401-3ae11b10e36b","ts":"2026-05-30T15:39:21.058+00:00","source":{"id":"0","name":"eventBus"}}
{"__type":"$$EventMessageNode","id":"bbbf7ac2-2b9b-43b6-98dc-4e40f6636dcb","ts":"2026-05-30T15:39:21.060+00:00","eventName":"n8n.node.finished","message":"n8n.node.finished","payload":{"workflowId":"t93Kfx64cL8Koufg","workflowName":"My workflow","executionId":"10","nodeType":"n8n-nodes-base.manualTrigger","nodeName":"When clicking ‘Execute workflow’","nodeId":"6b4fc532-9cc4-4ece-b9fb-4bef5c290a92"}}
{"__type":"$$EventMessageConfirm","confirm":"bbbf7ac2-2b9b-43b6-98dc-4e40f6636dcb","ts":"2026-05-30T15:39:21.061+00:00","source":{"id":"0","name":"eventBus"}}
{"__type":"$$EventMessageNode","id":"008635b2-7f93-4e36-996a-c4ec80fd8bb5","ts":"2026-05-30T15:39:21.062+00:00","eventName":"n8n.node.started","message":"n8n.node.started","payload":{"workflowId":"t93Kfx64cL8Koufg","workflowName":"My workflow","executionId":"10","nodeType":"n8n-nodes-base.httpRequest","nodeName":"HTTP Request2","nodeId":"35c368e5-de99-4f08-a3e5-1a2ceb9bdf64"}}
{"__type":"$$EventMessageConfirm","confirm":"008635b2-7f93-4e36-996a-c4ec80fd8bb5","ts":"2026-05-30T15:39:21.062+00:00","source":{"id":"0","name":"eventBus"}}
{"__type":"$$EventMessageNode","id":"7d63c2c2-b548-4755-8c8c-4be10f0a80e0","ts":"2026-05-30T15:39:21.266+00:00","eventName":"n8n.node.finished","message":"n8n.node.finished","payload":{"workflowId":"t93Kfx64cL8Koufg","workflowName":"My workflow","executionId":"10","nodeType":"n8n-nodes-base.httpRequest","nodeName":"HTTP Request2","nodeId":"35c368e5-de99-4f08-a3e5-1a2ceb9bdf64"}}
{"__type":"$$EventMessageConfirm","confirm":"7d63c2c2-b548-4755-8c8c-4be10f0a80e0","ts":"2026-05-30T15:39:21.266+00:00","source":{"id":"0","name":"eventBus"}}
{"__type":"$$EventMessageNode","id":"f881723e-68f1-4805-bb22-5eeefeec83a7","ts":"2026-05-30T15:39:21.267+00:00","eventName":"n8n.node.started","message":"n8n.node.started","payload":{"workflowId":"t93Kfx64cL8Koufg","workflowName":"My workflow","executionId":"10","nodeType":"n8n-nodes-base.httpRequest","nodeName":"HTTP Request","nodeId":"ac9bf462-b51e-4bc1-9662-1193dbf7f233"}}
{"__type":"$$EventMessageConfirm","confirm":"f881723e-68f1-4805-bb22-5eeefeec83a7","ts":"2026-05-30T15:39:21.267+00:00","source":{"id":"0","name":"eventBus"}}
{"__type":"$$EventMessageWorkflow","id":"f22a0a64-9254-427d-ba94-536c84ae538f","ts":"2026-05-30T15:39:54.042+00:00","eventName":"n8n.workflow.cancelled","message":"n8n.workflow.cancelled","payload":{"executionId":"10","workflowId":"t93Kfx64cL8Koufg","workflowName":"My workflow","reason":"manual"}}
{"__type":"$$EventMessageConfirm","confirm":"f22a0a64-9254-427d-ba94-536c84ae538f","ts":"2026-05-30T15:39:54.042+00:00","source":{"id":"0","name":"eventBus"}}
{"__type":"$$EventMessageWorkflow","id":"495f34bb-8890-4b0e-b8cb-750fc3828106","ts":"2026-05-30T15:39:54.049+00:00","eventName":"n8n.workflow.failed","message":"n8n.workflow.failed","payload":{"userId":"eb4e42cd-1f3a-41ab-bedb-fad3ee20c6ec","executionId":"10","success":false,"isManual":true,"mode":"manual","workflowId":"t93Kfx64cL8Koufg","workflowName":"My workflow","projectId":"LlPSVELh7iOWU7ri","projectName":"Admin User <arhamazan168@gmail.com>","lastNodeExecuted":"HTTP Request2"}}
{"__type":"$$EventMessageConfirm","confirm":"495f34bb-8890-4b0e-b8cb-750fc3828106","ts":"2026-05-30T15:39:54.051+00:00","source":{"id":"0","name":"eventBus"}}
{"__type":"$$EventMessageAudit","id":"1bed700f-d4db-46b5-9a3c-0b741883d92e","ts":"2026-05-30T15:40:19.585+00:00","eventName":"n8n.audit.workflow.updated","message":"n8n.audit.workflow.updated","payload":{"userId":"eb4e42cd-1f3a-41ab-bedb-fad3ee20c6ec","_email":"arhamazan168@gmail.com","_firstName":"Admin","_lastName":"User","globalRole":"global:owner","workflowId":"t93Kfx64cL8Koufg","workflowName":"My workflow"}}
{"__type":"$$EventMessageConfirm","confirm":"1bed700f-d4db-46b5-9a3c-0b741883d92e","ts":"2026-05-30T15:40:19.585+00:00","source":{"id":"0","name":"eventBus"}}
{"__type":"$$EventMessageAudit","id":"f3e87d22-1187-4d26-bbe5-81eb9b15578f","ts":"2026-05-30T15:40:29.209+00:00","eventName":"n8n.audit.workflow.executed","message":"n8n.audit.workflow.executed","payload":{"userId":"eb4e42cd-1f3a-41ab-bedb-fad3ee20c6ec","_email":"arhamazan168@gmail.com","_firstName":"Admin","_lastName":"User","globalRole":"global:owner","workflowId":"t93Kfx64cL8Koufg","workflowName":"My workflow","executionId":"11","source":"user-manual"}}
{"__type":"$$EventMessageConfirm","confirm":"f3e87d22-1187-4d26-bbe5-81eb9b15578f","ts":"2026-05-30T15:40:29.209+00:00","source":{"id":"0","name":"eventBus"}}
{"__type":"$$EventMessageWorkflow","id":"997d747b-3057-45d7-9789-7ed3ab143b73","ts":"2026-05-30T15:40:29.213+00:00","eventName":"n8n.workflow.started","message":"n8n.workflow.started","payload":{"executionId":"11","workflowId":"t93Kfx64cL8Koufg","isManual":false,"mode":"manual","workflowName":"My workflow","projectId":"LlPSVELh7iOWU7ri","projectName":"Admin User <arhamazan168@gmail.com>"}}
{"__type":"$$EventMessageConfirm","confirm":"997d747b-3057-45d7-9789-7ed3ab143b73","ts":"2026-05-30T15:40:29.213+00:00","source":{"id":"0","name":"eventBus"}}
{"__type":"$$EventMessageNode","id":"13b5c43e-8bee-4947-8f00-5be5f4ab25aa","ts":"2026-05-30T15:40:29.239+00:00","eventName":"n8n.node.started","message":"n8n.node.started","payload":{"workflowId":"t93Kfx64cL8Koufg","workflowName":"My workflow","executionId":"11","nodeType":"n8n-nodes-base.manualTrigger","nodeName":"When clicking ‘Execute workflow’","nodeId":"6b4fc532-9cc4-4ece-b9fb-4bef5c290a92"}}
{"__type":"$$EventMessageConfirm","confirm":"13b5c43e-8bee-4947-8f00-5be5f4ab25aa","ts":"2026-05-30T15:40:29.239+00:00","source":{"id":"0","name":"eventBus"}}
{"__type":"$$EventMessageNode","id":"8e5e493a-99d8-4a6c-aa9f-62e757dd6898","ts":"2026-05-30T15:40:29.242+00:00","eventName":"n8n.node.finished","message":"n8n.node.finished","payload":{"workflowId":"t93Kfx64cL8Koufg","workflowName":"My workflow","executionId":"11","nodeType":"n8n-nodes-base.manualTrigger","nodeName":"When clicking ‘Execute workflow’","nodeId":"6b4fc532-9cc4-4ece-b9fb-4bef5c290a92"}}
{"__type":"$$EventMessageConfirm","confirm":"8e5e493a-99d8-4a6c-aa9f-62e757dd6898","ts":"2026-05-30T15:40:29.243+00:00","source":{"id":"0","name":"eventBus"}}
{"__type":"$$EventMessageNode","id":"c9ac409a-b36d-484f-a121-bd64a4e05b6c","ts":"2026-05-30T15:40:29.245+00:00","eventName":"n8n.node.started","message":"n8n.node.started","payload":{"workflowId":"t93Kfx64cL8Koufg","workflowName":"My workflow","executionId":"11","nodeType":"n8n-nodes-base.httpRequest","nodeName":"HTTP Request2","nodeId":"35c368e5-de99-4f08-a3e5-1a2ceb9bdf64"}}
{"__type":"$$EventMessageConfirm","confirm":"c9ac409a-b36d-484f-a121-bd64a4e05b6c","ts":"2026-05-30T15:40:29.245+00:00","source":{"id":"0","name":"eventBus"}}
{"__type":"$$EventMessageNode","id":"f4cf73f2-f377-4ddd-9bf4-59cf7f696967","ts":"2026-05-30T15:40:29.517+00:00","eventName":"n8n.node.finished","message":"n8n.node.finished","payload":{"workflowId":"t93Kfx64cL8Koufg","workflowName":"My workflow","executionId":"11","nodeType":"n8n-nodes-base.httpRequest","nodeName":"HTTP Request2","nodeId":"35c368e5-de99-4f08-a3e5-1a2ceb9bdf64"}}
{"__type":"$$EventMessageConfirm","confirm":"f4cf73f2-f377-4ddd-9bf4-59cf7f696967","ts":"2026-05-30T15:40:29.517+00:00","source":{"id":"0","name":"eventBus"}}
{"__type":"$$EventMessageNode","id":"19e688aa-cec2-4e1d-bc1b-376bd332f129","ts":"2026-05-30T15:40:29.519+00:00","eventName":"n8n.node.started","message":"n8n.node.started","payload":{"workflowId":"t93Kfx64cL8Koufg","workflowName":"My workflow","executionId":"11","nodeType":"n8n-nodes-base.httpRequest","nodeName":"HTTP Request","nodeId":"ac9bf462-b51e-4bc1-9662-1193dbf7f233"}}
{"__type":"$$EventMessageConfirm","confirm":"19e688aa-cec2-4e1d-bc1b-376bd332f129","ts":"2026-05-30T15:40:29.519+00:00","source":{"id":"0","name":"eventBus"}}
{"__type":"$$EventMessageNode","id":"b1286ad0-b43e-422b-a08f-7c65c0789eae","ts":"2026-05-30T15:49:18.533+00:00","eventName":"n8n.node.finished","message":"n8n.node.finished","payload":{"workflowId":"t93Kfx64cL8Koufg","workflowName":"My workflow","executionId":"10","nodeType":"n8n-nodes-base.httpRequest","nodeName":"HTTP Request","nodeId":"ac9bf462-b51e-4bc1-9662-1193dbf7f233"}}
{"__type":"$$EventMessageConfirm","confirm":"b1286ad0-b43e-422b-a08f-7c65c0789eae","ts":"2026-05-30T15:49:18.534+00:00","source":{"id":"0","name":"eventBus"}}
{"__type":"$$EventMessageNode","id":"42f4ebc6-15b1-4e3f-a754-c3dd0be5fd27","ts":"2026-05-30T15:51:02.519+00:00","eventName":"n8n.node.finished","message":"n8n.node.finished","payload":{"workflowId":"t93Kfx64cL8Koufg","workflowName":"My workflow","executionId":"11","nodeType":"n8n-nodes-base.httpRequest","nodeName":"HTTP Request","nodeId":"ac9bf462-b51e-4bc1-9662-1193dbf7f233"}}
{"__type":"$$EventMessageConfirm","confirm":"42f4ebc6-15b1-4e3f-a754-c3dd0be5fd27","ts":"2026-05-30T15:51:02.519+00:00","source":{"id":"0","name":"eventBus"}}
{"__type":"$$EventMessageWorkflow","id":"b48696fb-6e07-4fb0-8295-fa00c1e9a978","ts":"2026-05-30T15:51:02.523+00:00","eventName":"n8n.workflow.success","message":"n8n.workflow.success","payload":{"userId":"eb4e42cd-1f3a-41ab-bedb-fad3ee20c6ec","executionId":"11","success":true,"isManual":true,"mode":"manual","workflowId":"t93Kfx64cL8Koufg","workflowName":"My workflow","projectId":"LlPSVELh7iOWU7ri","projectName":"Admin User <arhamazan168@gmail.com>"}}
{"__type":"$$EventMessageConfirm","confirm":"b48696fb-6e07-4fb0-8295-fa00c1e9a978","ts":"2026-05-30T15:51:02.523+00:00","source":{"id":"0","name":"eventBus"}}
{"__type":"$$EventMessageAudit","id":"07346516-3340-4a5d-83f3-a938dd717273","ts":"2026-05-30T15:51:42.693+00:00","eventName":"n8n.audit.workflow.updated","message":"n8n.audit.workflow.updated","payload":{"userId":"eb4e42cd-1f3a-41ab-bedb-fad3ee20c6ec","_email":"arhamazan168@gmail.com","_firstName":"Admin","_lastName":"User","globalRole":"global:owner","workflowId":"t93Kfx64cL8Koufg","workflowName":"My workflow"}}
{"__type":"$$EventMessageConfirm","confirm":"07346516-3340-4a5d-83f3-a938dd717273","ts":"2026-05-30T15:51:42.693+00:00","source":{"id":"0","name":"eventBus"}}
{"__type":"$$EventMessageAudit","id":"b113ddb8-489d-4ac5-9014-2d5f00b003dd","ts":"2026-05-30T15:51:56.788+00:00","eventName":"n8n.audit.workflow.updated","message":"n8n.audit.workflow.updated","payload":{"userId":"eb4e42cd-1f3a-41ab-bedb-fad3ee20c6ec","_email":"arhamazan168@gmail.com","_firstName":"Admin","_lastName":"User","globalRole":"global:owner","workflowId":"t93Kfx64cL8Koufg","workflowName":"My workflow"}}
{"__type":"$$EventMessageConfirm","confirm":"b113ddb8-489d-4ac5-9014-2d5f00b003dd","ts":"2026-05-30T15:51:56.788+00:00","source":{"id":"0","name":"eventBus"}}
{"__type":"$$EventMessageAudit","id":"c90b5f46-c943-47da-9a25-11210659e93d","ts":"2026-05-30T15:52:14.829+00:00","eventName":"n8n.audit.workflow.executed","message":"n8n.audit.workflow.executed","payload":{"userId":"eb4e42cd-1f3a-41ab-bedb-fad3ee20c6ec","_email":"arhamazan168@gmail.com","_firstName":"Admin","_lastName":"User","globalRole":"global:owner","workflowId":"t93Kfx64cL8Koufg","workflowName":"My workflow","executionId":"12","source":"user-manual"}}
{"__type":"$$EventMessageConfirm","confirm":"c90b5f46-c943-47da-9a25-11210659e93d","ts":"2026-05-30T15:52:14.829+00:00","source":{"id":"0","name":"eventBus"}}
{"__type":"$$EventMessageWorkflow","id":"2c8c272b-1b90-4271-8381-5d50f69f2be6","ts":"2026-05-30T15:52:14.829+00:00","eventName":"n8n.workflow.started","message":"n8n.workflow.started","payload":{"executionId":"12","workflowId":"t93Kfx64cL8Koufg","isManual":false,"mode":"manual","workflowName":"My workflow","projectId":"LlPSVELh7iOWU7ri","projectName":"Admin User <arhamazan168@gmail.com>"}}
{"__type":"$$EventMessageConfirm","confirm":"2c8c272b-1b90-4271-8381-5d50f69f2be6","ts":"2026-05-30T15:52:14.830+00:00","source":{"id":"0","name":"eventBus"}}
{"__type":"$$EventMessageNode","id":"b7ceac17-3105-40cb-819d-47e6eafa83b0","ts":"2026-05-30T15:52:14.851+00:00","eventName":"n8n.node.started","message":"n8n.node.started","payload":{"workflowId":"t93Kfx64cL8Koufg","workflowName":"My workflow","executionId":"12","nodeType":"n8n-nodes-base.httpRequest","nodeName":"HTTP Request","nodeId":"ac9bf462-b51e-4bc1-9662-1193dbf7f233"}}
{"__type":"$$EventMessageConfirm","confirm":"b7ceac17-3105-40cb-819d-47e6eafa83b0","ts":"2026-05-30T15:52:14.852+00:00","source":{"id":"0","name":"eventBus"}}
